Created by PLY version 3.11 (http://www.dabeaz.com/ply)

Unused terminals:

    cerrarimage
    cerraritem
    comilla
    igualque
    image
    item
    mayorque
    menorque
    punto
    question
    version

Grammar

Rule 0     S' -> SIGMA
Rule 1     SIGMA -> xml RSS
Rule 2     RSS -> rss CHANNEL cerrarrss
Rule 3     CHANNEL -> channel ET_OBL ITEM_REC cerrarchannel
Rule 4     ET_OBL -> ET_TITLE ET_LINK ET_DESC ET_CATEGORY ET_COPYRIGHT CONT_IMG
Rule 5     LAMBDA -> <empty>
Rule 6     ET_TITLE -> titulo CONT_TEXTO cerrartitulo
Rule 7     ET_LINK -> link CONT_LINK cerrarlink
Rule 8     ET_URL -> url CONT_LINK cerrarurl
Rule 9     ET_DESC -> description CONT_TEXTO cerrardescription
Rule 10    ET_CATEGORY -> category CONT_TEXTO cerrarcategory
Rule 11    ET_CATEGORY -> LAMBDA
Rule 12    ET_COPYRIGHT -> copyright CONT_TEXTO cerrarcopyright
Rule 13    ET_COPYRIGHT -> LAMBDA
Rule 14    CONT_TEXTO -> contenido_texto CONT_TEXTO
Rule 15    CONT_TEXTO -> contenido_texto
Rule 16    CONT_IMG -> ET_IMG_OBL ET_IMG_OP
Rule 17    CONT_IMG -> ET_IMG_OBL
Rule 18    CONT_IMG -> LAMBDA
Rule 19    ET_IMG_OBL -> ET_TITLE ET_LINK ET_URL
Rule 20    ET_IMG_OBL -> ET_TITLE ET_URL ET_LINK
Rule 21    ET_IMG_OBL -> ET_URL ET_TITLE ET_LINK
Rule 22    ET_IMG_OBL -> ET_URL ET_LINK ET_TITLE
Rule 23    ET_IMG_OBL -> ET_LINK ET_TITLE ET_URL
Rule 24    ET_IMG_OBL -> ET_LINK ET_URL ET_TITLE
Rule 25    ET_IMG_OP -> ET_HEIGHT ET_IMG_OP
Rule 26    ET_IMG_OP -> ET_WIDTH ET_IMG_OP
Rule 27    ET_IMG_OP -> ET_HEIGHT
Rule 28    ET_IMG_OP -> ET_WIDTH
Rule 29    ET_HEIGHT -> height digito cerrarheight
Rule 30    ET_WIDTH -> width digito cerrarwidth
Rule 31    CONT_LINK -> protocolo DOMINIO_GRAL FINAL_URL
Rule 32    CONT_LINK -> protocolo DOMINIO_GRAL
Rule 33    FINAL_URL -> slash RUTA numeral LOCALIZADOR
Rule 34    FINAL_URL -> slash RUTA
Rule 35    DOMINIO_GRAL -> DOMINIO dospuntos PUERTO
Rule 36    DOMINIO_GRAL -> DOMINIO
Rule 37    LOCALIZADOR -> contenido_texto
Rule 38    DOMINIO -> contenido_texto
Rule 39    RUTA -> contenido_texto
Rule 40    PUERTO -> digito
Rule 41    ITEM_REC -> ET_OBL_ITEM ITEM_REC
Rule 42    ITEM_REC -> ET_OBL_ITEM
Rule 43    ET_OBL_ITEM -> ET_TITLE ET_DESC ET_LINK ET_CATEGORY
Rule 44    ET_OBL_ITEM -> ET_TITLE ET_DESC ET_CATEGORY ET_LINK
Rule 45    ET_OBL_ITEM -> ET_TITLE ET_CATEGORY ET_DESC ET_LINK
Rule 46    ET_OBL_ITEM -> ET_TITLE ET_CATEGORY ET_LINK ET_DESC
Rule 47    ET_OBL_ITEM -> ET_TITLE ET_LINK ET_CATEGORY ET_DESC
Rule 48    ET_OBL_ITEM -> ET_TITLE ET_LINK ET_DESC ET_CATEGORY
Rule 49    ET_OBL_ITEM -> ET_DESC ET_TITLE ET_LINK ET_CATEGORY
Rule 50    ET_OBL_ITEM -> ET_DESC ET_TITLE ET_CATEGORY ET_LINK
Rule 51    ET_OBL_ITEM -> ET_DESC ET_CATEGORY ET_TITLE ET_LINK
Rule 52    ET_OBL_ITEM -> ET_DESC ET_CATEGORY ET_LINK ET_TITLE
Rule 53    ET_OBL_ITEM -> ET_DESC ET_LINK ET_CATEGORY ET_TITLE
Rule 54    ET_OBL_ITEM -> ET_DESC ET_LINK ET_TITLE ET_CATEGORY
Rule 55    ET_OBL_ITEM -> ET_CATEGORY ET_DESC ET_TITLE ET_LINK
Rule 56    ET_OBL_ITEM -> ET_CATEGORY ET_TITLE ET_DESC ET_LINK
Rule 57    ET_OBL_ITEM -> ET_CATEGORY ET_DESC ET_LINK ET_TITLE
Rule 58    ET_OBL_ITEM -> ET_CATEGORY ET_LINK ET_TITLE ET_DESC
Rule 59    ET_OBL_ITEM -> ET_CATEGORY ET_LINK ET_DESC ET_TITLE
Rule 60    ET_OBL_ITEM -> ET_LINK ET_CATEGORY ET_TITLE ET_DESC
Rule 61    ET_OBL_ITEM -> ET_LINK ET_CATEGORY ET_DESC ET_TITLE
Rule 62    ET_OBL_ITEM -> ET_LINK ET_TITLE ET_DESC ET_CATEGORY
Rule 63    ET_OBL_ITEM -> ET_LINK ET_TITLE ET_CATEGORY ET_DESC
Rule 64    ET_OBL_ITEM -> ET_LINK ET_DESC ET_CATEGORY ET_TITLE
Rule 65    ET_OBL_ITEM -> ET_LINK ET_DESC ET_TITLE ET_CATEGORY

Terminals, with rules where they appear

category             : 10
cerrarcategory       : 10
cerrarchannel        : 3
cerrarcopyright      : 12
cerrardescription    : 9
cerrarheight         : 29
cerrarimage          : 
cerraritem           : 
cerrarlink           : 7
cerrarrss            : 2
cerrartitulo         : 6
cerrarurl            : 8
cerrarwidth          : 30
channel              : 3
comilla              : 
contenido_texto      : 14 15 37 38 39
copyright            : 12
description          : 9
digito               : 29 30 40
dospuntos            : 35
error                : 
height               : 29
igualque             : 
image                : 
item                 : 
link                 : 7
mayorque             : 
menorque             : 
numeral              : 33
protocolo            : 31 32
punto                : 
question             : 
rss                  : 2
slash                : 33 34
titulo               : 6
url                  : 8
version              : 
width                : 30
xml                  : 1

Nonterminals, with rules where they appear

CHANNEL              : 2
CONT_IMG             : 4
CONT_LINK            : 7 8
CONT_TEXTO           : 6 9 10 12 14
DOMINIO              : 35 36
DOMINIO_GRAL         : 31 32
ET_CATEGORY          : 4 43 44 45 46 47 48 49 50 51 52 53 54 55 56 57 58 59 60 61 62 63 64 65
ET_COPYRIGHT         : 4
ET_DESC              : 4 43 44 45 46 47 48 49 50 51 52 53 54 55 56 57 58 59 60 61 62 63 64 65
ET_HEIGHT            : 25 27
ET_IMG_OBL           : 16 17
ET_IMG_OP            : 16 25 26
ET_LINK              : 4 19 20 21 22 23 24 43 44 45 46 47 48 49 50 51 52 53 54 55 56 57 58 59 60 61 62 63 64 65
ET_OBL               : 3
ET_OBL_ITEM          : 41 42
ET_TITLE             : 4 19 20 21 22 23 24 43 44 45 46 47 48 49 50 51 52 53 54 55 56 57 58 59 60 61 62 63 64 65
ET_URL               : 19 20 21 22 23 24
ET_WIDTH             : 26 28
FINAL_URL            : 31
ITEM_REC             : 3 41
LAMBDA               : 11 13 18
LOCALIZADOR          : 33
PUERTO               : 35
RSS                  : 1
RUTA                 : 33 34
SIGMA                : 0

Parsing method: LALR

state 0

    (0) S' -> . SIGMA
    (1) SIGMA -> . xml RSS

    xml             shift and go to state 2

    SIGMA                          shift and go to state 1

state 1

    (0) S' -> SIGMA .



state 2

    (1) SIGMA -> xml . RSS
    (2) RSS -> . rss CHANNEL cerrarrss

    rss             shift and go to state 4

    RSS                            shift and go to state 3

state 3

    (1) SIGMA -> xml RSS .

    $end            reduce using rule 1 (SIGMA -> xml RSS .)


state 4

    (2) RSS -> rss . CHANNEL cerrarrss
    (3) CHANNEL -> . channel ET_OBL ITEM_REC cerrarchannel

    channel         shift and go to state 6

    CHANNEL                        shift and go to state 5

state 5

    (2) RSS -> rss CHANNEL . cerrarrss

    cerrarrss       shift and go to state 7


state 6

    (3) CHANNEL -> channel . ET_OBL ITEM_REC cerrarchannel
    (4) ET_OBL -> . ET_TITLE ET_LINK ET_DESC ET_CATEGORY ET_COPYRIGHT CONT_IMG
    (6) ET_TITLE -> . titulo CONT_TEXTO cerrartitulo

    titulo          shift and go to state 10

    ET_OBL                         shift and go to state 8
    ET_TITLE                       shift and go to state 9

state 7

    (2) RSS -> rss CHANNEL cerrarrss .

    $end            reduce using rule 2 (RSS -> rss CHANNEL cerrarrss .)


state 8

    (3) CHANNEL -> channel ET_OBL . ITEM_REC cerrarchannel
    (41) ITEM_REC -> . ET_OBL_ITEM ITEM_REC
    (42) ITEM_REC -> . ET_OBL_ITEM
    (43) ET_OBL_ITEM -> . ET_TITLE ET_DESC ET_LINK ET_CATEGORY
    (44) ET_OBL_ITEM -> . ET_TITLE ET_DESC ET_CATEGORY ET_LINK
    (45) ET_OBL_ITEM -> . ET_TITLE ET_CATEGORY ET_DESC ET_LINK
    (46) ET_OBL_ITEM -> . ET_TITLE ET_CATEGORY ET_LINK ET_DESC
    (47) ET_OBL_ITEM -> . ET_TITLE ET_LINK ET_CATEGORY ET_DESC
    (48) ET_OBL_ITEM -> . ET_TITLE ET_LINK ET_DESC ET_CATEGORY
    (49) ET_OBL_ITEM -> . ET_DESC ET_TITLE ET_LINK ET_CATEGORY
    (50) ET_OBL_ITEM -> . ET_DESC ET_TITLE ET_CATEGORY ET_LINK
    (51) ET_OBL_ITEM -> . ET_DESC ET_CATEGORY ET_TITLE ET_LINK
    (52) ET_OBL_ITEM -> . ET_DESC ET_CATEGORY ET_LINK ET_TITLE
    (53) ET_OBL_ITEM -> . ET_DESC ET_LINK ET_CATEGORY ET_TITLE
    (54) ET_OBL_ITEM -> . ET_DESC ET_LINK ET_TITLE ET_CATEGORY
    (55) ET_OBL_ITEM -> . ET_CATEGORY ET_DESC ET_TITLE ET_LINK
    (56) ET_OBL_ITEM -> . ET_CATEGORY ET_TITLE ET_DESC ET_LINK
    (57) ET_OBL_ITEM -> . ET_CATEGORY ET_DESC ET_LINK ET_TITLE
    (58) ET_OBL_ITEM -> . ET_CATEGORY ET_LINK ET_TITLE ET_DESC
    (59) ET_OBL_ITEM -> . ET_CATEGORY ET_LINK ET_DESC ET_TITLE
    (60) ET_OBL_ITEM -> . ET_LINK ET_CATEGORY ET_TITLE ET_DESC
    (61) ET_OBL_ITEM -> . ET_LINK ET_CATEGORY ET_DESC ET_TITLE
    (62) ET_OBL_ITEM -> . ET_LINK ET_TITLE ET_DESC ET_CATEGORY
    (63) ET_OBL_ITEM -> . ET_LINK ET_TITLE ET_CATEGORY ET_DESC
    (64) ET_OBL_ITEM -> . ET_LINK ET_DESC ET_CATEGORY ET_TITLE
    (65) ET_OBL_ITEM -> . ET_LINK ET_DESC ET_TITLE ET_CATEGORY
    (6) ET_TITLE -> . titulo CONT_TEXTO cerrartitulo
    (9) ET_DESC -> . description CONT_TEXTO cerrardescription
    (10) ET_CATEGORY -> . category CONT_TEXTO cerrarcategory
    (11) ET_CATEGORY -> . LAMBDA
    (7) ET_LINK -> . link CONT_LINK cerrarlink
    (5) LAMBDA -> .

  ! shift/reduce conflict for description resolved as shift
  ! shift/reduce conflict for titulo resolved as shift
  ! shift/reduce conflict for link resolved as shift
    titulo          shift and go to state 10
    description     shift and go to state 17
    category        shift and go to state 18
    link            shift and go to state 20

  ! description     [ reduce using rule 5 (LAMBDA -> .) ]
  ! titulo          [ reduce using rule 5 (LAMBDA -> .) ]
  ! link            [ reduce using rule 5 (LAMBDA -> .) ]

    ITEM_REC                       shift and go to state 11
    ET_OBL_ITEM                    shift and go to state 12
    ET_TITLE                       shift and go to state 13
    ET_DESC                        shift and go to state 14
    ET_LINK                        shift and go to state 15
    ET_CATEGORY                    shift and go to state 16
    LAMBDA                         shift and go to state 19

state 9

    (4) ET_OBL -> ET_TITLE . ET_LINK ET_DESC ET_CATEGORY ET_COPYRIGHT CONT_IMG
    (7) ET_LINK -> . link CONT_LINK cerrarlink

    link            shift and go to state 20

    ET_LINK                        shift and go to state 21

state 10

    (6) ET_TITLE -> titulo . CONT_TEXTO cerrartitulo
    (14) CONT_TEXTO -> . contenido_texto CONT_TEXTO
    (15) CONT_TEXTO -> . contenido_texto

    contenido_texto shift and go to state 23

    CONT_TEXTO                     shift and go to state 22

state 11

    (3) CHANNEL -> channel ET_OBL ITEM_REC . cerrarchannel

    cerrarchannel   shift and go to state 24


state 12

    (41) ITEM_REC -> ET_OBL_ITEM . ITEM_REC
    (42) ITEM_REC -> ET_OBL_ITEM .
    (41) ITEM_REC -> . ET_OBL_ITEM ITEM_REC
    (42) ITEM_REC -> . ET_OBL_ITEM
    (43) ET_OBL_ITEM -> . ET_TITLE ET_DESC ET_LINK ET_CATEGORY
    (44) ET_OBL_ITEM -> . ET_TITLE ET_DESC ET_CATEGORY ET_LINK
    (45) ET_OBL_ITEM -> . ET_TITLE ET_CATEGORY ET_DESC ET_LINK
    (46) ET_OBL_ITEM -> . ET_TITLE ET_CATEGORY ET_LINK ET_DESC
    (47) ET_OBL_ITEM -> . ET_TITLE ET_LINK ET_CATEGORY ET_DESC
    (48) ET_OBL_ITEM -> . ET_TITLE ET_LINK ET_DESC ET_CATEGORY
    (49) ET_OBL_ITEM -> . ET_DESC ET_TITLE ET_LINK ET_CATEGORY
    (50) ET_OBL_ITEM -> . ET_DESC ET_TITLE ET_CATEGORY ET_LINK
    (51) ET_OBL_ITEM -> . ET_DESC ET_CATEGORY ET_TITLE ET_LINK
    (52) ET_OBL_ITEM -> . ET_DESC ET_CATEGORY ET_LINK ET_TITLE
    (53) ET_OBL_ITEM -> . ET_DESC ET_LINK ET_CATEGORY ET_TITLE
    (54) ET_OBL_ITEM -> . ET_DESC ET_LINK ET_TITLE ET_CATEGORY
    (55) ET_OBL_ITEM -> . ET_CATEGORY ET_DESC ET_TITLE ET_LINK
    (56) ET_OBL_ITEM -> . ET_CATEGORY ET_TITLE ET_DESC ET_LINK
    (57) ET_OBL_ITEM -> . ET_CATEGORY ET_DESC ET_LINK ET_TITLE
    (58) ET_OBL_ITEM -> . ET_CATEGORY ET_LINK ET_TITLE ET_DESC
    (59) ET_OBL_ITEM -> . ET_CATEGORY ET_LINK ET_DESC ET_TITLE
    (60) ET_OBL_ITEM -> . ET_LINK ET_CATEGORY ET_TITLE ET_DESC
    (61) ET_OBL_ITEM -> . ET_LINK ET_CATEGORY ET_DESC ET_TITLE
    (62) ET_OBL_ITEM -> . ET_LINK ET_TITLE ET_DESC ET_CATEGORY
    (63) ET_OBL_ITEM -> . ET_LINK ET_TITLE ET_CATEGORY ET_DESC
    (64) ET_OBL_ITEM -> . ET_LINK ET_DESC ET_CATEGORY ET_TITLE
    (65) ET_OBL_ITEM -> . ET_LINK ET_DESC ET_TITLE ET_CATEGORY
    (6) ET_TITLE -> . titulo CONT_TEXTO cerrartitulo
    (9) ET_DESC -> . description CONT_TEXTO cerrardescription
    (10) ET_CATEGORY -> . category CONT_TEXTO cerrarcategory
    (11) ET_CATEGORY -> . LAMBDA
    (7) ET_LINK -> . link CONT_LINK cerrarlink
    (5) LAMBDA -> .

  ! shift/reduce conflict for description resolved as shift
  ! shift/reduce conflict for titulo resolved as shift
  ! shift/reduce conflict for link resolved as shift
    cerrarchannel   reduce using rule 42 (ITEM_REC -> ET_OBL_ITEM .)
    titulo          shift and go to state 10
    description     shift and go to state 17
    category        shift and go to state 18
    link            shift and go to state 20

  ! description     [ reduce using rule 5 (LAMBDA -> .) ]
  ! titulo          [ reduce using rule 5 (LAMBDA -> .) ]
  ! link            [ reduce using rule 5 (LAMBDA -> .) ]

    ET_OBL_ITEM                    shift and go to state 12
    ITEM_REC                       shift and go to state 25
    ET_TITLE                       shift and go to state 13
    ET_DESC                        shift and go to state 14
    ET_LINK                        shift and go to state 15
    ET_CATEGORY                    shift and go to state 16
    LAMBDA                         shift and go to state 19

state 13

    (43) ET_OBL_ITEM -> ET_TITLE . ET_DESC ET_LINK ET_CATEGORY
    (44) ET_OBL_ITEM -> ET_TITLE . ET_DESC ET_CATEGORY ET_LINK
    (45) ET_OBL_ITEM -> ET_TITLE . ET_CATEGORY ET_DESC ET_LINK
    (46) ET_OBL_ITEM -> ET_TITLE . ET_CATEGORY ET_LINK ET_DESC
    (47) ET_OBL_ITEM -> ET_TITLE . ET_LINK ET_CATEGORY ET_DESC
    (48) ET_OBL_ITEM -> ET_TITLE . ET_LINK ET_DESC ET_CATEGORY
    (9) ET_DESC -> . description CONT_TEXTO cerrardescription
    (10) ET_CATEGORY -> . category CONT_TEXTO cerrarcategory
    (11) ET_CATEGORY -> . LAMBDA
    (7) ET_LINK -> . link CONT_LINK cerrarlink
    (5) LAMBDA -> .

  ! shift/reduce conflict for description resolved as shift
  ! shift/reduce conflict for link resolved as shift
    description     shift and go to state 17
    category        shift and go to state 18
    link            shift and go to state 20

  ! description     [ reduce using rule 5 (LAMBDA -> .) ]
  ! link            [ reduce using rule 5 (LAMBDA -> .) ]

    ET_DESC                        shift and go to state 26
    ET_LINK                        shift and go to state 27
    ET_CATEGORY                    shift and go to state 28
    LAMBDA                         shift and go to state 19

state 14

    (49) ET_OBL_ITEM -> ET_DESC . ET_TITLE ET_LINK ET_CATEGORY
    (50) ET_OBL_ITEM -> ET_DESC . ET_TITLE ET_CATEGORY ET_LINK
    (51) ET_OBL_ITEM -> ET_DESC . ET_CATEGORY ET_TITLE ET_LINK
    (52) ET_OBL_ITEM -> ET_DESC . ET_CATEGORY ET_LINK ET_TITLE
    (53) ET_OBL_ITEM -> ET_DESC . ET_LINK ET_CATEGORY ET_TITLE
    (54) ET_OBL_ITEM -> ET_DESC . ET_LINK ET_TITLE ET_CATEGORY
    (6) ET_TITLE -> . titulo CONT_TEXTO cerrartitulo
    (10) ET_CATEGORY -> . category CONT_TEXTO cerrarcategory
    (11) ET_CATEGORY -> . LAMBDA
    (7) ET_LINK -> . link CONT_LINK cerrarlink
    (5) LAMBDA -> .

  ! shift/reduce conflict for titulo resolved as shift
  ! shift/reduce conflict for link resolved as shift
    titulo          shift and go to state 10
    category        shift and go to state 18
    link            shift and go to state 20

  ! titulo          [ reduce using rule 5 (LAMBDA -> .) ]
  ! link            [ reduce using rule 5 (LAMBDA -> .) ]

    ET_TITLE                       shift and go to state 29
    ET_LINK                        shift and go to state 30
    ET_CATEGORY                    shift and go to state 31
    LAMBDA                         shift and go to state 19

state 15

    (60) ET_OBL_ITEM -> ET_LINK . ET_CATEGORY ET_TITLE ET_DESC
    (61) ET_OBL_ITEM -> ET_LINK . ET_CATEGORY ET_DESC ET_TITLE
    (62) ET_OBL_ITEM -> ET_LINK . ET_TITLE ET_DESC ET_CATEGORY
    (63) ET_OBL_ITEM -> ET_LINK . ET_TITLE ET_CATEGORY ET_DESC
    (64) ET_OBL_ITEM -> ET_LINK . ET_DESC ET_CATEGORY ET_TITLE
    (65) ET_OBL_ITEM -> ET_LINK . ET_DESC ET_TITLE ET_CATEGORY
    (10) ET_CATEGORY -> . category CONT_TEXTO cerrarcategory
    (11) ET_CATEGORY -> . LAMBDA
    (6) ET_TITLE -> . titulo CONT_TEXTO cerrartitulo
    (9) ET_DESC -> . description CONT_TEXTO cerrardescription
    (5) LAMBDA -> .

  ! shift/reduce conflict for titulo resolved as shift
  ! shift/reduce conflict for description resolved as shift
    category        shift and go to state 18
    titulo          shift and go to state 10
    description     shift and go to state 17

  ! titulo          [ reduce using rule 5 (LAMBDA -> .) ]
  ! description     [ reduce using rule 5 (LAMBDA -> .) ]

    ET_CATEGORY                    shift and go to state 32
    ET_TITLE                       shift and go to state 33
    ET_DESC                        shift and go to state 34
    LAMBDA                         shift and go to state 19

state 16

    (55) ET_OBL_ITEM -> ET_CATEGORY . ET_DESC ET_TITLE ET_LINK
    (56) ET_OBL_ITEM -> ET_CATEGORY . ET_TITLE ET_DESC ET_LINK
    (57) ET_OBL_ITEM -> ET_CATEGORY . ET_DESC ET_LINK ET_TITLE
    (58) ET_OBL_ITEM -> ET_CATEGORY . ET_LINK ET_TITLE ET_DESC
    (59) ET_OBL_ITEM -> ET_CATEGORY . ET_LINK ET_DESC ET_TITLE
    (9) ET_DESC -> . description CONT_TEXTO cerrardescription
    (6) ET_TITLE -> . titulo CONT_TEXTO cerrartitulo
    (7) ET_LINK -> . link CONT_LINK cerrarlink

    description     shift and go to state 17
    titulo          shift and go to state 10
    link            shift and go to state 20

    ET_DESC                        shift and go to state 35
    ET_TITLE                       shift and go to state 36
    ET_LINK                        shift and go to state 37

state 17

    (9) ET_DESC -> description . CONT_TEXTO cerrardescription
    (14) CONT_TEXTO -> . contenido_texto CONT_TEXTO
    (15) CONT_TEXTO -> . contenido_texto

    contenido_texto shift and go to state 23

    CONT_TEXTO                     shift and go to state 38

state 18

    (10) ET_CATEGORY -> category . CONT_TEXTO cerrarcategory
    (14) CONT_TEXTO -> . contenido_texto CONT_TEXTO
    (15) CONT_TEXTO -> . contenido_texto

    contenido_texto shift and go to state 23

    CONT_TEXTO                     shift and go to state 39

state 19

    (11) ET_CATEGORY -> LAMBDA .

    description     reduce using rule 11 (ET_CATEGORY -> LAMBDA .)
    titulo          reduce using rule 11 (ET_CATEGORY -> LAMBDA .)
    link            reduce using rule 11 (ET_CATEGORY -> LAMBDA .)
    copyright       reduce using rule 11 (ET_CATEGORY -> LAMBDA .)
    url             reduce using rule 11 (ET_CATEGORY -> LAMBDA .)
    category        reduce using rule 11 (ET_CATEGORY -> LAMBDA .)
    cerrarchannel   reduce using rule 11 (ET_CATEGORY -> LAMBDA .)


state 20

    (7) ET_LINK -> link . CONT_LINK cerrarlink
    (31) CONT_LINK -> . protocolo DOMINIO_GRAL FINAL_URL
    (32) CONT_LINK -> . protocolo DOMINIO_GRAL

    protocolo       shift and go to state 41

    CONT_LINK                      shift and go to state 40

state 21

    (4) ET_OBL -> ET_TITLE ET_LINK . ET_DESC ET_CATEGORY ET_COPYRIGHT CONT_IMG
    (9) ET_DESC -> . description CONT_TEXTO cerrardescription

    description     shift and go to state 17

    ET_DESC                        shift and go to state 42

state 22

    (6) ET_TITLE -> titulo CONT_TEXTO . cerrartitulo

    cerrartitulo    shift and go to state 43


state 23

    (14) CONT_TEXTO -> contenido_texto . CONT_TEXTO
    (15) CONT_TEXTO -> contenido_texto .
    (14) CONT_TEXTO -> . contenido_texto CONT_TEXTO
    (15) CONT_TEXTO -> . contenido_texto

    cerrartitulo    reduce using rule 15 (CONT_TEXTO -> contenido_texto .)
    cerrardescription reduce using rule 15 (CONT_TEXTO -> contenido_texto .)
    cerrarcategory  reduce using rule 15 (CONT_TEXTO -> contenido_texto .)
    cerrarcopyright reduce using rule 15 (CONT_TEXTO -> contenido_texto .)
    contenido_texto shift and go to state 23

    CONT_TEXTO                     shift and go to state 44

state 24

    (3) CHANNEL -> channel ET_OBL ITEM_REC cerrarchannel .

    cerrarrss       reduce using rule 3 (CHANNEL -> channel ET_OBL ITEM_REC cerrarchannel .)


state 25

    (41) ITEM_REC -> ET_OBL_ITEM ITEM_REC .

    cerrarchannel   reduce using rule 41 (ITEM_REC -> ET_OBL_ITEM ITEM_REC .)


state 26

    (43) ET_OBL_ITEM -> ET_TITLE ET_DESC . ET_LINK ET_CATEGORY
    (44) ET_OBL_ITEM -> ET_TITLE ET_DESC . ET_CATEGORY ET_LINK
    (7) ET_LINK -> . link CONT_LINK cerrarlink
    (10) ET_CATEGORY -> . category CONT_TEXTO cerrarcategory
    (11) ET_CATEGORY -> . LAMBDA
    (5) LAMBDA -> .

  ! shift/reduce conflict for link resolved as shift
    link            shift and go to state 20
    category        shift and go to state 18

  ! link            [ reduce using rule 5 (LAMBDA -> .) ]

    ET_LINK                        shift and go to state 45
    ET_CATEGORY                    shift and go to state 46
    LAMBDA                         shift and go to state 19

state 27

    (47) ET_OBL_ITEM -> ET_TITLE ET_LINK . ET_CATEGORY ET_DESC
    (48) ET_OBL_ITEM -> ET_TITLE ET_LINK . ET_DESC ET_CATEGORY
    (10) ET_CATEGORY -> . category CONT_TEXTO cerrarcategory
    (11) ET_CATEGORY -> . LAMBDA
    (9) ET_DESC -> . description CONT_TEXTO cerrardescription
    (5) LAMBDA -> .

  ! shift/reduce conflict for description resolved as shift
    category        shift and go to state 18
    description     shift and go to state 17

  ! description     [ reduce using rule 5 (LAMBDA -> .) ]

    ET_CATEGORY                    shift and go to state 47
    ET_DESC                        shift and go to state 48
    LAMBDA                         shift and go to state 19

state 28

    (45) ET_OBL_ITEM -> ET_TITLE ET_CATEGORY . ET_DESC ET_LINK
    (46) ET_OBL_ITEM -> ET_TITLE ET_CATEGORY . ET_LINK ET_DESC
    (9) ET_DESC -> . description CONT_TEXTO cerrardescription
    (7) ET_LINK -> . link CONT_LINK cerrarlink

    description     shift and go to state 17
    link            shift and go to state 20

    ET_DESC                        shift and go to state 49
    ET_LINK                        shift and go to state 50

state 29

    (49) ET_OBL_ITEM -> ET_DESC ET_TITLE . ET_LINK ET_CATEGORY
    (50) ET_OBL_ITEM -> ET_DESC ET_TITLE . ET_CATEGORY ET_LINK
    (7) ET_LINK -> . link CONT_LINK cerrarlink
    (10) ET_CATEGORY -> . category CONT_TEXTO cerrarcategory
    (11) ET_CATEGORY -> . LAMBDA
    (5) LAMBDA -> .

  ! shift/reduce conflict for link resolved as shift
    link            shift and go to state 20
    category        shift and go to state 18

  ! link            [ reduce using rule 5 (LAMBDA -> .) ]

    ET_LINK                        shift and go to state 51
    ET_CATEGORY                    shift and go to state 52
    LAMBDA                         shift and go to state 19

state 30

    (53) ET_OBL_ITEM -> ET_DESC ET_LINK . ET_CATEGORY ET_TITLE
    (54) ET_OBL_ITEM -> ET_DESC ET_LINK . ET_TITLE ET_CATEGORY
    (10) ET_CATEGORY -> . category CONT_TEXTO cerrarcategory
    (11) ET_CATEGORY -> . LAMBDA
    (6) ET_TITLE -> . titulo CONT_TEXTO cerrartitulo
    (5) LAMBDA -> .

  ! shift/reduce conflict for titulo resolved as shift
    category        shift and go to state 18
    titulo          shift and go to state 10

  ! titulo          [ reduce using rule 5 (LAMBDA -> .) ]

    ET_CATEGORY                    shift and go to state 53
    ET_TITLE                       shift and go to state 54
    LAMBDA                         shift and go to state 19

state 31

    (51) ET_OBL_ITEM -> ET_DESC ET_CATEGORY . ET_TITLE ET_LINK
    (52) ET_OBL_ITEM -> ET_DESC ET_CATEGORY . ET_LINK ET_TITLE
    (6) ET_TITLE -> . titulo CONT_TEXTO cerrartitulo
    (7) ET_LINK -> . link CONT_LINK cerrarlink

    titulo          shift and go to state 10
    link            shift and go to state 20

    ET_TITLE                       shift and go to state 55
    ET_LINK                        shift and go to state 56

state 32

    (60) ET_OBL_ITEM -> ET_LINK ET_CATEGORY . ET_TITLE ET_DESC
    (61) ET_OBL_ITEM -> ET_LINK ET_CATEGORY . ET_DESC ET_TITLE
    (6) ET_TITLE -> . titulo CONT_TEXTO cerrartitulo
    (9) ET_DESC -> . description CONT_TEXTO cerrardescription

    titulo          shift and go to state 10
    description     shift and go to state 17

    ET_TITLE                       shift and go to state 57
    ET_DESC                        shift and go to state 58

state 33

    (62) ET_OBL_ITEM -> ET_LINK ET_TITLE . ET_DESC ET_CATEGORY
    (63) ET_OBL_ITEM -> ET_LINK ET_TITLE . ET_CATEGORY ET_DESC
    (9) ET_DESC -> . description CONT_TEXTO cerrardescription
    (10) ET_CATEGORY -> . category CONT_TEXTO cerrarcategory
    (11) ET_CATEGORY -> . LAMBDA
    (5) LAMBDA -> .

  ! shift/reduce conflict for description resolved as shift
    description     shift and go to state 17
    category        shift and go to state 18

  ! description     [ reduce using rule 5 (LAMBDA -> .) ]

    ET_DESC                        shift and go to state 59
    ET_CATEGORY                    shift and go to state 60
    LAMBDA                         shift and go to state 19

state 34

    (64) ET_OBL_ITEM -> ET_LINK ET_DESC . ET_CATEGORY ET_TITLE
    (65) ET_OBL_ITEM -> ET_LINK ET_DESC . ET_TITLE ET_CATEGORY
    (10) ET_CATEGORY -> . category CONT_TEXTO cerrarcategory
    (11) ET_CATEGORY -> . LAMBDA
    (6) ET_TITLE -> . titulo CONT_TEXTO cerrartitulo
    (5) LAMBDA -> .

  ! shift/reduce conflict for titulo resolved as shift
    category        shift and go to state 18
    titulo          shift and go to state 10

  ! titulo          [ reduce using rule 5 (LAMBDA -> .) ]

    ET_CATEGORY                    shift and go to state 61
    ET_TITLE                       shift and go to state 62
    LAMBDA                         shift and go to state 19

state 35

    (55) ET_OBL_ITEM -> ET_CATEGORY ET_DESC . ET_TITLE ET_LINK
    (57) ET_OBL_ITEM -> ET_CATEGORY ET_DESC . ET_LINK ET_TITLE
    (6) ET_TITLE -> . titulo CONT_TEXTO cerrartitulo
    (7) ET_LINK -> . link CONT_LINK cerrarlink

    titulo          shift and go to state 10
    link            shift and go to state 20

    ET_TITLE                       shift and go to state 63
    ET_LINK                        shift and go to state 64

state 36

    (56) ET_OBL_ITEM -> ET_CATEGORY ET_TITLE . ET_DESC ET_LINK
    (9) ET_DESC -> . description CONT_TEXTO cerrardescription

    description     shift and go to state 17

    ET_DESC                        shift and go to state 65

state 37

    (58) ET_OBL_ITEM -> ET_CATEGORY ET_LINK . ET_TITLE ET_DESC
    (59) ET_OBL_ITEM -> ET_CATEGORY ET_LINK . ET_DESC ET_TITLE
    (6) ET_TITLE -> . titulo CONT_TEXTO cerrartitulo
    (9) ET_DESC -> . description CONT_TEXTO cerrardescription

    titulo          shift and go to state 10
    description     shift and go to state 17

    ET_TITLE                       shift and go to state 66
    ET_DESC                        shift and go to state 67

state 38

    (9) ET_DESC -> description CONT_TEXTO . cerrardescription

    cerrardescription shift and go to state 68


state 39

    (10) ET_CATEGORY -> category CONT_TEXTO . cerrarcategory

    cerrarcategory  shift and go to state 69


state 40

    (7) ET_LINK -> link CONT_LINK . cerrarlink

    cerrarlink      shift and go to state 70


state 41

    (31) CONT_LINK -> protocolo . DOMINIO_GRAL FINAL_URL
    (32) CONT_LINK -> protocolo . DOMINIO_GRAL
    (35) DOMINIO_GRAL -> . DOMINIO dospuntos PUERTO
    (36) DOMINIO_GRAL -> . DOMINIO
    (38) DOMINIO -> . contenido_texto

    contenido_texto shift and go to state 73

    DOMINIO_GRAL                   shift and go to state 71
    DOMINIO                        shift and go to state 72

state 42

    (4) ET_OBL -> ET_TITLE ET_LINK ET_DESC . ET_CATEGORY ET_COPYRIGHT CONT_IMG
    (10) ET_CATEGORY -> . category CONT_TEXTO cerrarcategory
    (11) ET_CATEGORY -> . LAMBDA
    (5) LAMBDA -> .

  ! shift/reduce conflict for category resolved as shift
    category        shift and go to state 18
    copyright       reduce using rule 5 (LAMBDA -> .)
    titulo          reduce using rule 5 (LAMBDA -> .)
    url             reduce using rule 5 (LAMBDA -> .)
    link            reduce using rule 5 (LAMBDA -> .)
    description     reduce using rule 5 (LAMBDA -> .)

  ! category        [ reduce using rule 5 (LAMBDA -> .) ]

    ET_CATEGORY                    shift and go to state 74
    LAMBDA                         shift and go to state 19

state 43

    (6) ET_TITLE -> titulo CONT_TEXTO cerrartitulo .

    link            reduce using rule 6 (ET_TITLE -> titulo CONT_TEXTO cerrartitulo .)
    description     reduce using rule 6 (ET_TITLE -> titulo CONT_TEXTO cerrartitulo .)
    category        reduce using rule 6 (ET_TITLE -> titulo CONT_TEXTO cerrartitulo .)
    titulo          reduce using rule 6 (ET_TITLE -> titulo CONT_TEXTO cerrartitulo .)
    cerrarchannel   reduce using rule 6 (ET_TITLE -> titulo CONT_TEXTO cerrartitulo .)
    url             reduce using rule 6 (ET_TITLE -> titulo CONT_TEXTO cerrartitulo .)
    height          reduce using rule 6 (ET_TITLE -> titulo CONT_TEXTO cerrartitulo .)
    width           reduce using rule 6 (ET_TITLE -> titulo CONT_TEXTO cerrartitulo .)


state 44

    (14) CONT_TEXTO -> contenido_texto CONT_TEXTO .

    cerrartitulo    reduce using rule 14 (CONT_TEXTO -> contenido_texto CONT_TEXTO .)
    cerrardescription reduce using rule 14 (CONT_TEXTO -> contenido_texto CONT_TEXTO .)
    cerrarcategory  reduce using rule 14 (CONT_TEXTO -> contenido_texto CONT_TEXTO .)
    cerrarcopyright reduce using rule 14 (CONT_TEXTO -> contenido_texto CONT_TEXTO .)


state 45

    (43) ET_OBL_ITEM -> ET_TITLE ET_DESC ET_LINK . ET_CATEGORY
    (10) ET_CATEGORY -> . category CONT_TEXTO cerrarcategory
    (11) ET_CATEGORY -> . LAMBDA
    (5) LAMBDA -> .

  ! shift/reduce conflict for category resolved as shift
    category        shift and go to state 18
    titulo          reduce using rule 5 (LAMBDA -> .)
    description     reduce using rule 5 (LAMBDA -> .)
    link            reduce using rule 5 (LAMBDA -> .)
    cerrarchannel   reduce using rule 5 (LAMBDA -> .)

  ! category        [ reduce using rule 5 (LAMBDA -> .) ]

    ET_CATEGORY                    shift and go to state 75
    LAMBDA                         shift and go to state 19

state 46

    (44) ET_OBL_ITEM -> ET_TITLE ET_DESC ET_CATEGORY . ET_LINK
    (7) ET_LINK -> . link CONT_LINK cerrarlink

    link            shift and go to state 20

    ET_LINK                        shift and go to state 76

state 47

    (47) ET_OBL_ITEM -> ET_TITLE ET_LINK ET_CATEGORY . ET_DESC
    (9) ET_DESC -> . description CONT_TEXTO cerrardescription

    description     shift and go to state 17

    ET_DESC                        shift and go to state 77

state 48

    (48) ET_OBL_ITEM -> ET_TITLE ET_LINK ET_DESC . ET_CATEGORY
    (10) ET_CATEGORY -> . category CONT_TEXTO cerrarcategory
    (11) ET_CATEGORY -> . LAMBDA
    (5) LAMBDA -> .

  ! shift/reduce conflict for category resolved as shift
    category        shift and go to state 18
    titulo          reduce using rule 5 (LAMBDA -> .)
    description     reduce using rule 5 (LAMBDA -> .)
    link            reduce using rule 5 (LAMBDA -> .)
    cerrarchannel   reduce using rule 5 (LAMBDA -> .)

  ! category        [ reduce using rule 5 (LAMBDA -> .) ]

    ET_CATEGORY                    shift and go to state 78
    LAMBDA                         shift and go to state 19

state 49

    (45) ET_OBL_ITEM -> ET_TITLE ET_CATEGORY ET_DESC . ET_LINK
    (7) ET_LINK -> . link CONT_LINK cerrarlink

    link            shift and go to state 20

    ET_LINK                        shift and go to state 79

state 50

    (46) ET_OBL_ITEM -> ET_TITLE ET_CATEGORY ET_LINK . ET_DESC
    (9) ET_DESC -> . description CONT_TEXTO cerrardescription

    description     shift and go to state 17

    ET_DESC                        shift and go to state 80

state 51

    (49) ET_OBL_ITEM -> ET_DESC ET_TITLE ET_LINK . ET_CATEGORY
    (10) ET_CATEGORY -> . category CONT_TEXTO cerrarcategory
    (11) ET_CATEGORY -> . LAMBDA
    (5) LAMBDA -> .

  ! shift/reduce conflict for category resolved as shift
    category        shift and go to state 18
    titulo          reduce using rule 5 (LAMBDA -> .)
    description     reduce using rule 5 (LAMBDA -> .)
    link            reduce using rule 5 (LAMBDA -> .)
    cerrarchannel   reduce using rule 5 (LAMBDA -> .)

  ! category        [ reduce using rule 5 (LAMBDA -> .) ]

    ET_CATEGORY                    shift and go to state 81
    LAMBDA                         shift and go to state 19

state 52

    (50) ET_OBL_ITEM -> ET_DESC ET_TITLE ET_CATEGORY . ET_LINK
    (7) ET_LINK -> . link CONT_LINK cerrarlink

    link            shift and go to state 20

    ET_LINK                        shift and go to state 82

state 53

    (53) ET_OBL_ITEM -> ET_DESC ET_LINK ET_CATEGORY . ET_TITLE
    (6) ET_TITLE -> . titulo CONT_TEXTO cerrartitulo

    titulo          shift and go to state 10

    ET_TITLE                       shift and go to state 83

state 54

    (54) ET_OBL_ITEM -> ET_DESC ET_LINK ET_TITLE . ET_CATEGORY
    (10) ET_CATEGORY -> . category CONT_TEXTO cerrarcategory
    (11) ET_CATEGORY -> . LAMBDA
    (5) LAMBDA -> .

  ! shift/reduce conflict for category resolved as shift
    category        shift and go to state 18
    titulo          reduce using rule 5 (LAMBDA -> .)
    description     reduce using rule 5 (LAMBDA -> .)
    link            reduce using rule 5 (LAMBDA -> .)
    cerrarchannel   reduce using rule 5 (LAMBDA -> .)

  ! category        [ reduce using rule 5 (LAMBDA -> .) ]

    ET_CATEGORY                    shift and go to state 84
    LAMBDA                         shift and go to state 19

state 55

    (51) ET_OBL_ITEM -> ET_DESC ET_CATEGORY ET_TITLE . ET_LINK
    (7) ET_LINK -> . link CONT_LINK cerrarlink

    link            shift and go to state 20

    ET_LINK                        shift and go to state 85

state 56

    (52) ET_OBL_ITEM -> ET_DESC ET_CATEGORY ET_LINK . ET_TITLE
    (6) ET_TITLE -> . titulo CONT_TEXTO cerrartitulo

    titulo          shift and go to state 10

    ET_TITLE                       shift and go to state 86

state 57

    (60) ET_OBL_ITEM -> ET_LINK ET_CATEGORY ET_TITLE . ET_DESC
    (9) ET_DESC -> . description CONT_TEXTO cerrardescription

    description     shift and go to state 17

    ET_DESC                        shift and go to state 87

state 58

    (61) ET_OBL_ITEM -> ET_LINK ET_CATEGORY ET_DESC . ET_TITLE
    (6) ET_TITLE -> . titulo CONT_TEXTO cerrartitulo

    titulo          shift and go to state 10

    ET_TITLE                       shift and go to state 88

state 59

    (62) ET_OBL_ITEM -> ET_LINK ET_TITLE ET_DESC . ET_CATEGORY
    (10) ET_CATEGORY -> . category CONT_TEXTO cerrarcategory
    (11) ET_CATEGORY -> . LAMBDA
    (5) LAMBDA -> .

  ! shift/reduce conflict for category resolved as shift
    category        shift and go to state 18
    titulo          reduce using rule 5 (LAMBDA -> .)
    description     reduce using rule 5 (LAMBDA -> .)
    link            reduce using rule 5 (LAMBDA -> .)
    cerrarchannel   reduce using rule 5 (LAMBDA -> .)

  ! category        [ reduce using rule 5 (LAMBDA -> .) ]

    ET_CATEGORY                    shift and go to state 89
    LAMBDA                         shift and go to state 19

state 60

    (63) ET_OBL_ITEM -> ET_LINK ET_TITLE ET_CATEGORY . ET_DESC
    (9) ET_DESC -> . description CONT_TEXTO cerrardescription

    description     shift and go to state 17

    ET_DESC                        shift and go to state 90

state 61

    (64) ET_OBL_ITEM -> ET_LINK ET_DESC ET_CATEGORY . ET_TITLE
    (6) ET_TITLE -> . titulo CONT_TEXTO cerrartitulo

    titulo          shift and go to state 10

    ET_TITLE                       shift and go to state 91

state 62

    (65) ET_OBL_ITEM -> ET_LINK ET_DESC ET_TITLE . ET_CATEGORY
    (10) ET_CATEGORY -> . category CONT_TEXTO cerrarcategory
    (11) ET_CATEGORY -> . LAMBDA
    (5) LAMBDA -> .

  ! shift/reduce conflict for category resolved as shift
    category        shift and go to state 18
    titulo          reduce using rule 5 (LAMBDA -> .)
    description     reduce using rule 5 (LAMBDA -> .)
    link            reduce using rule 5 (LAMBDA -> .)
    cerrarchannel   reduce using rule 5 (LAMBDA -> .)

  ! category        [ reduce using rule 5 (LAMBDA -> .) ]

    ET_CATEGORY                    shift and go to state 92
    LAMBDA                         shift and go to state 19

state 63

    (55) ET_OBL_ITEM -> ET_CATEGORY ET_DESC ET_TITLE . ET_LINK
    (7) ET_LINK -> . link CONT_LINK cerrarlink

    link            shift and go to state 20

    ET_LINK                        shift and go to state 93

state 64

    (57) ET_OBL_ITEM -> ET_CATEGORY ET_DESC ET_LINK . ET_TITLE
    (6) ET_TITLE -> . titulo CONT_TEXTO cerrartitulo

    titulo          shift and go to state 10

    ET_TITLE                       shift and go to state 94

state 65

    (56) ET_OBL_ITEM -> ET_CATEGORY ET_TITLE ET_DESC . ET_LINK
    (7) ET_LINK -> . link CONT_LINK cerrarlink

    link            shift and go to state 20

    ET_LINK                        shift and go to state 95

state 66

    (58) ET_OBL_ITEM -> ET_CATEGORY ET_LINK ET_TITLE . ET_DESC
    (9) ET_DESC -> . description CONT_TEXTO cerrardescription

    description     shift and go to state 17

    ET_DESC                        shift and go to state 96

state 67

    (59) ET_OBL_ITEM -> ET_CATEGORY ET_LINK ET_DESC . ET_TITLE
    (6) ET_TITLE -> . titulo CONT_TEXTO cerrartitulo

    titulo          shift and go to state 10

    ET_TITLE                       shift and go to state 97

state 68

    (9) ET_DESC -> description CONT_TEXTO cerrardescription .

    titulo          reduce using rule 9 (ET_DESC -> description CONT_TEXTO cerrardescription .)
    category        reduce using rule 9 (ET_DESC -> description CONT_TEXTO cerrardescription .)
    link            reduce using rule 9 (ET_DESC -> description CONT_TEXTO cerrardescription .)
    copyright       reduce using rule 9 (ET_DESC -> description CONT_TEXTO cerrardescription .)
    url             reduce using rule 9 (ET_DESC -> description CONT_TEXTO cerrardescription .)
    description     reduce using rule 9 (ET_DESC -> description CONT_TEXTO cerrardescription .)
    cerrarchannel   reduce using rule 9 (ET_DESC -> description CONT_TEXTO cerrardescription .)


state 69

    (10) ET_CATEGORY -> category CONT_TEXTO cerrarcategory .

    description     reduce using rule 10 (ET_CATEGORY -> category CONT_TEXTO cerrarcategory .)
    titulo          reduce using rule 10 (ET_CATEGORY -> category CONT_TEXTO cerrarcategory .)
    link            reduce using rule 10 (ET_CATEGORY -> category CONT_TEXTO cerrarcategory .)
    copyright       reduce using rule 10 (ET_CATEGORY -> category CONT_TEXTO cerrarcategory .)
    url             reduce using rule 10 (ET_CATEGORY -> category CONT_TEXTO cerrarcategory .)
    category        reduce using rule 10 (ET_CATEGORY -> category CONT_TEXTO cerrarcategory .)
    cerrarchannel   reduce using rule 10 (ET_CATEGORY -> category CONT_TEXTO cerrarcategory .)


state 70

    (7) ET_LINK -> link CONT_LINK cerrarlink .

    category        reduce using rule 7 (ET_LINK -> link CONT_LINK cerrarlink .)
    titulo          reduce using rule 7 (ET_LINK -> link CONT_LINK cerrarlink .)
    description     reduce using rule 7 (ET_LINK -> link CONT_LINK cerrarlink .)
    link            reduce using rule 7 (ET_LINK -> link CONT_LINK cerrarlink .)
    cerrarchannel   reduce using rule 7 (ET_LINK -> link CONT_LINK cerrarlink .)
    url             reduce using rule 7 (ET_LINK -> link CONT_LINK cerrarlink .)
    height          reduce using rule 7 (ET_LINK -> link CONT_LINK cerrarlink .)
    width           reduce using rule 7 (ET_LINK -> link CONT_LINK cerrarlink .)


state 71

    (31) CONT_LINK -> protocolo DOMINIO_GRAL . FINAL_URL
    (32) CONT_LINK -> protocolo DOMINIO_GRAL .
    (33) FINAL_URL -> . slash RUTA numeral LOCALIZADOR
    (34) FINAL_URL -> . slash RUTA

    cerrarlink      reduce using rule 32 (CONT_LINK -> protocolo DOMINIO_GRAL .)
    cerrarurl       reduce using rule 32 (CONT_LINK -> protocolo DOMINIO_GRAL .)
    slash           shift and go to state 99

    FINAL_URL                      shift and go to state 98

state 72

    (35) DOMINIO_GRAL -> DOMINIO . dospuntos PUERTO
    (36) DOMINIO_GRAL -> DOMINIO .

    dospuntos       shift and go to state 100
    slash           reduce using rule 36 (DOMINIO_GRAL -> DOMINIO .)
    cerrarlink      reduce using rule 36 (DOMINIO_GRAL -> DOMINIO .)
    cerrarurl       reduce using rule 36 (DOMINIO_GRAL -> DOMINIO .)


state 73

    (38) DOMINIO -> contenido_texto .

    dospuntos       reduce using rule 38 (DOMINIO -> contenido_texto .)
    slash           reduce using rule 38 (DOMINIO -> contenido_texto .)
    cerrarlink      reduce using rule 38 (DOMINIO -> contenido_texto .)
    cerrarurl       reduce using rule 38 (DOMINIO -> contenido_texto .)


state 74

    (4) ET_OBL -> ET_TITLE ET_LINK ET_DESC ET_CATEGORY . ET_COPYRIGHT CONT_IMG
    (12) ET_COPYRIGHT -> . copyright CONT_TEXTO cerrarcopyright
    (13) ET_COPYRIGHT -> . LAMBDA
    (5) LAMBDA -> .

    copyright       shift and go to state 102
    titulo          reduce using rule 5 (LAMBDA -> .)
    url             reduce using rule 5 (LAMBDA -> .)
    link            reduce using rule 5 (LAMBDA -> .)
    description     reduce using rule 5 (LAMBDA -> .)
    category        reduce using rule 5 (LAMBDA -> .)

    ET_COPYRIGHT                   shift and go to state 101
    LAMBDA                         shift and go to state 103

state 75

    (43) ET_OBL_ITEM -> ET_TITLE ET_DESC ET_LINK ET_CATEGORY .

    titulo          reduce using rule 43 (ET_OBL_ITEM -> ET_TITLE ET_DESC ET_LINK ET_CATEGORY .)
    description     reduce using rule 43 (ET_OBL_ITEM -> ET_TITLE ET_DESC ET_LINK ET_CATEGORY .)
    category        reduce using rule 43 (ET_OBL_ITEM -> ET_TITLE ET_DESC ET_LINK ET_CATEGORY .)
    link            reduce using rule 43 (ET_OBL_ITEM -> ET_TITLE ET_DESC ET_LINK ET_CATEGORY .)
    cerrarchannel   reduce using rule 43 (ET_OBL_ITEM -> ET_TITLE ET_DESC ET_LINK ET_CATEGORY .)


state 76

    (44) ET_OBL_ITEM -> ET_TITLE ET_DESC ET_CATEGORY ET_LINK .

    titulo          reduce using rule 44 (ET_OBL_ITEM -> ET_TITLE ET_DESC ET_CATEGORY ET_LINK .)
    description     reduce using rule 44 (ET_OBL_ITEM -> ET_TITLE ET_DESC ET_CATEGORY ET_LINK .)
    category        reduce using rule 44 (ET_OBL_ITEM -> ET_TITLE ET_DESC ET_CATEGORY ET_LINK .)
    link            reduce using rule 44 (ET_OBL_ITEM -> ET_TITLE ET_DESC ET_CATEGORY ET_LINK .)
    cerrarchannel   reduce using rule 44 (ET_OBL_ITEM -> ET_TITLE ET_DESC ET_CATEGORY ET_LINK .)


state 77

    (47) ET_OBL_ITEM -> ET_TITLE ET_LINK ET_CATEGORY ET_DESC .

    titulo          reduce using rule 47 (ET_OBL_ITEM -> ET_TITLE ET_LINK ET_CATEGORY ET_DESC .)
    description     reduce using rule 47 (ET_OBL_ITEM -> ET_TITLE ET_LINK ET_CATEGORY ET_DESC .)
    category        reduce using rule 47 (ET_OBL_ITEM -> ET_TITLE ET_LINK ET_CATEGORY ET_DESC .)
    link            reduce using rule 47 (ET_OBL_ITEM -> ET_TITLE ET_LINK ET_CATEGORY ET_DESC .)
    cerrarchannel   reduce using rule 47 (ET_OBL_ITEM -> ET_TITLE ET_LINK ET_CATEGORY ET_DESC .)


state 78

    (48) ET_OBL_ITEM -> ET_TITLE ET_LINK ET_DESC ET_CATEGORY .

    titulo          reduce using rule 48 (ET_OBL_ITEM -> ET_TITLE ET_LINK ET_DESC ET_CATEGORY .)
    description     reduce using rule 48 (ET_OBL_ITEM -> ET_TITLE ET_LINK ET_DESC ET_CATEGORY .)
    category        reduce using rule 48 (ET_OBL_ITEM -> ET_TITLE ET_LINK ET_DESC ET_CATEGORY .)
    link            reduce using rule 48 (ET_OBL_ITEM -> ET_TITLE ET_LINK ET_DESC ET_CATEGORY .)
    cerrarchannel   reduce using rule 48 (ET_OBL_ITEM -> ET_TITLE ET_LINK ET_DESC ET_CATEGORY .)


state 79

    (45) ET_OBL_ITEM -> ET_TITLE ET_CATEGORY ET_DESC ET_LINK .

    titulo          reduce using rule 45 (ET_OBL_ITEM -> ET_TITLE ET_CATEGORY ET_DESC ET_LINK .)
    description     reduce using rule 45 (ET_OBL_ITEM -> ET_TITLE ET_CATEGORY ET_DESC ET_LINK .)
    category        reduce using rule 45 (ET_OBL_ITEM -> ET_TITLE ET_CATEGORY ET_DESC ET_LINK .)
    link            reduce using rule 45 (ET_OBL_ITEM -> ET_TITLE ET_CATEGORY ET_DESC ET_LINK .)
    cerrarchannel   reduce using rule 45 (ET_OBL_ITEM -> ET_TITLE ET_CATEGORY ET_DESC ET_LINK .)


state 80

    (46) ET_OBL_ITEM -> ET_TITLE ET_CATEGORY ET_LINK ET_DESC .

    titulo          reduce using rule 46 (ET_OBL_ITEM -> ET_TITLE ET_CATEGORY ET_LINK ET_DESC .)
    description     reduce using rule 46 (ET_OBL_ITEM -> ET_TITLE ET_CATEGORY ET_LINK ET_DESC .)
    category        reduce using rule 46 (ET_OBL_ITEM -> ET_TITLE ET_CATEGORY ET_LINK ET_DESC .)
    link            reduce using rule 46 (ET_OBL_ITEM -> ET_TITLE ET_CATEGORY ET_LINK ET_DESC .)
    cerrarchannel   reduce using rule 46 (ET_OBL_ITEM -> ET_TITLE ET_CATEGORY ET_LINK ET_DESC .)


state 81

    (49) ET_OBL_ITEM -> ET_DESC ET_TITLE ET_LINK ET_CATEGORY .

    titulo          reduce using rule 49 (ET_OBL_ITEM -> ET_DESC ET_TITLE ET_LINK ET_CATEGORY .)
    description     reduce using rule 49 (ET_OBL_ITEM -> ET_DESC ET_TITLE ET_LINK ET_CATEGORY .)
    category        reduce using rule 49 (ET_OBL_ITEM -> ET_DESC ET_TITLE ET_LINK ET_CATEGORY .)
    link            reduce using rule 49 (ET_OBL_ITEM -> ET_DESC ET_TITLE ET_LINK ET_CATEGORY .)
    cerrarchannel   reduce using rule 49 (ET_OBL_ITEM -> ET_DESC ET_TITLE ET_LINK ET_CATEGORY .)


state 82

    (50) ET_OBL_ITEM -> ET_DESC ET_TITLE ET_CATEGORY ET_LINK .

    titulo          reduce using rule 50 (ET_OBL_ITEM -> ET_DESC ET_TITLE ET_CATEGORY ET_LINK .)
    description     reduce using rule 50 (ET_OBL_ITEM -> ET_DESC ET_TITLE ET_CATEGORY ET_LINK .)
    category        reduce using rule 50 (ET_OBL_ITEM -> ET_DESC ET_TITLE ET_CATEGORY ET_LINK .)
    link            reduce using rule 50 (ET_OBL_ITEM -> ET_DESC ET_TITLE ET_CATEGORY ET_LINK .)
    cerrarchannel   reduce using rule 50 (ET_OBL_ITEM -> ET_DESC ET_TITLE ET_CATEGORY ET_LINK .)


state 83

    (53) ET_OBL_ITEM -> ET_DESC ET_LINK ET_CATEGORY ET_TITLE .

    titulo          reduce using rule 53 (ET_OBL_ITEM -> ET_DESC ET_LINK ET_CATEGORY ET_TITLE .)
    description     reduce using rule 53 (ET_OBL_ITEM -> ET_DESC ET_LINK ET_CATEGORY ET_TITLE .)
    category        reduce using rule 53 (ET_OBL_ITEM -> ET_DESC ET_LINK ET_CATEGORY ET_TITLE .)
    link            reduce using rule 53 (ET_OBL_ITEM -> ET_DESC ET_LINK ET_CATEGORY ET_TITLE .)
    cerrarchannel   reduce using rule 53 (ET_OBL_ITEM -> ET_DESC ET_LINK ET_CATEGORY ET_TITLE .)


state 84

    (54) ET_OBL_ITEM -> ET_DESC ET_LINK ET_TITLE ET_CATEGORY .

    titulo          reduce using rule 54 (ET_OBL_ITEM -> ET_DESC ET_LINK ET_TITLE ET_CATEGORY .)
    description     reduce using rule 54 (ET_OBL_ITEM -> ET_DESC ET_LINK ET_TITLE ET_CATEGORY .)
    category        reduce using rule 54 (ET_OBL_ITEM -> ET_DESC ET_LINK ET_TITLE ET_CATEGORY .)
    link            reduce using rule 54 (ET_OBL_ITEM -> ET_DESC ET_LINK ET_TITLE ET_CATEGORY .)
    cerrarchannel   reduce using rule 54 (ET_OBL_ITEM -> ET_DESC ET_LINK ET_TITLE ET_CATEGORY .)


state 85

    (51) ET_OBL_ITEM -> ET_DESC ET_CATEGORY ET_TITLE ET_LINK .

    titulo          reduce using rule 51 (ET_OBL_ITEM -> ET_DESC ET_CATEGORY ET_TITLE ET_LINK .)
    description     reduce using rule 51 (ET_OBL_ITEM -> ET_DESC ET_CATEGORY ET_TITLE ET_LINK .)
    category        reduce using rule 51 (ET_OBL_ITEM -> ET_DESC ET_CATEGORY ET_TITLE ET_LINK .)
    link            reduce using rule 51 (ET_OBL_ITEM -> ET_DESC ET_CATEGORY ET_TITLE ET_LINK .)
    cerrarchannel   reduce using rule 51 (ET_OBL_ITEM -> ET_DESC ET_CATEGORY ET_TITLE ET_LINK .)


state 86

    (52) ET_OBL_ITEM -> ET_DESC ET_CATEGORY ET_LINK ET_TITLE .

    titulo          reduce using rule 52 (ET_OBL_ITEM -> ET_DESC ET_CATEGORY ET_LINK ET_TITLE .)
    description     reduce using rule 52 (ET_OBL_ITEM -> ET_DESC ET_CATEGORY ET_LINK ET_TITLE .)
    category        reduce using rule 52 (ET_OBL_ITEM -> ET_DESC ET_CATEGORY ET_LINK ET_TITLE .)
    link            reduce using rule 52 (ET_OBL_ITEM -> ET_DESC ET_CATEGORY ET_LINK ET_TITLE .)
    cerrarchannel   reduce using rule 52 (ET_OBL_ITEM -> ET_DESC ET_CATEGORY ET_LINK ET_TITLE .)


state 87

    (60) ET_OBL_ITEM -> ET_LINK ET_CATEGORY ET_TITLE ET_DESC .

    titulo          reduce using rule 60 (ET_OBL_ITEM -> ET_LINK ET_CATEGORY ET_TITLE ET_DESC .)
    description     reduce using rule 60 (ET_OBL_ITEM -> ET_LINK ET_CATEGORY ET_TITLE ET_DESC .)
    category        reduce using rule 60 (ET_OBL_ITEM -> ET_LINK ET_CATEGORY ET_TITLE ET_DESC .)
    link            reduce using rule 60 (ET_OBL_ITEM -> ET_LINK ET_CATEGORY ET_TITLE ET_DESC .)
    cerrarchannel   reduce using rule 60 (ET_OBL_ITEM -> ET_LINK ET_CATEGORY ET_TITLE ET_DESC .)


state 88

    (61) ET_OBL_ITEM -> ET_LINK ET_CATEGORY ET_DESC ET_TITLE .

    titulo          reduce using rule 61 (ET_OBL_ITEM -> ET_LINK ET_CATEGORY ET_DESC ET_TITLE .)
    description     reduce using rule 61 (ET_OBL_ITEM -> ET_LINK ET_CATEGORY ET_DESC ET_TITLE .)
    category        reduce using rule 61 (ET_OBL_ITEM -> ET_LINK ET_CATEGORY ET_DESC ET_TITLE .)
    link            reduce using rule 61 (ET_OBL_ITEM -> ET_LINK ET_CATEGORY ET_DESC ET_TITLE .)
    cerrarchannel   reduce using rule 61 (ET_OBL_ITEM -> ET_LINK ET_CATEGORY ET_DESC ET_TITLE .)


state 89

    (62) ET_OBL_ITEM -> ET_LINK ET_TITLE ET_DESC ET_CATEGORY .

    titulo          reduce using rule 62 (ET_OBL_ITEM -> ET_LINK ET_TITLE ET_DESC ET_CATEGORY .)
    description     reduce using rule 62 (ET_OBL_ITEM -> ET_LINK ET_TITLE ET_DESC ET_CATEGORY .)
    category        reduce using rule 62 (ET_OBL_ITEM -> ET_LINK ET_TITLE ET_DESC ET_CATEGORY .)
    link            reduce using rule 62 (ET_OBL_ITEM -> ET_LINK ET_TITLE ET_DESC ET_CATEGORY .)
    cerrarchannel   reduce using rule 62 (ET_OBL_ITEM -> ET_LINK ET_TITLE ET_DESC ET_CATEGORY .)


state 90

    (63) ET_OBL_ITEM -> ET_LINK ET_TITLE ET_CATEGORY ET_DESC .

    titulo          reduce using rule 63 (ET_OBL_ITEM -> ET_LINK ET_TITLE ET_CATEGORY ET_DESC .)
    description     reduce using rule 63 (ET_OBL_ITEM -> ET_LINK ET_TITLE ET_CATEGORY ET_DESC .)
    category        reduce using rule 63 (ET_OBL_ITEM -> ET_LINK ET_TITLE ET_CATEGORY ET_DESC .)
    link            reduce using rule 63 (ET_OBL_ITEM -> ET_LINK ET_TITLE ET_CATEGORY ET_DESC .)
    cerrarchannel   reduce using rule 63 (ET_OBL_ITEM -> ET_LINK ET_TITLE ET_CATEGORY ET_DESC .)


state 91

    (64) ET_OBL_ITEM -> ET_LINK ET_DESC ET_CATEGORY ET_TITLE .

    titulo          reduce using rule 64 (ET_OBL_ITEM -> ET_LINK ET_DESC ET_CATEGORY ET_TITLE .)
    description     reduce using rule 64 (ET_OBL_ITEM -> ET_LINK ET_DESC ET_CATEGORY ET_TITLE .)
    category        reduce using rule 64 (ET_OBL_ITEM -> ET_LINK ET_DESC ET_CATEGORY ET_TITLE .)
    link            reduce using rule 64 (ET_OBL_ITEM -> ET_LINK ET_DESC ET_CATEGORY ET_TITLE .)
    cerrarchannel   reduce using rule 64 (ET_OBL_ITEM -> ET_LINK ET_DESC ET_CATEGORY ET_TITLE .)


state 92

    (65) ET_OBL_ITEM -> ET_LINK ET_DESC ET_TITLE ET_CATEGORY .

    titulo          reduce using rule 65 (ET_OBL_ITEM -> ET_LINK ET_DESC ET_TITLE ET_CATEGORY .)
    description     reduce using rule 65 (ET_OBL_ITEM -> ET_LINK ET_DESC ET_TITLE ET_CATEGORY .)
    category        reduce using rule 65 (ET_OBL_ITEM -> ET_LINK ET_DESC ET_TITLE ET_CATEGORY .)
    link            reduce using rule 65 (ET_OBL_ITEM -> ET_LINK ET_DESC ET_TITLE ET_CATEGORY .)
    cerrarchannel   reduce using rule 65 (ET_OBL_ITEM -> ET_LINK ET_DESC ET_TITLE ET_CATEGORY .)


state 93

    (55) ET_OBL_ITEM -> ET_CATEGORY ET_DESC ET_TITLE ET_LINK .

    titulo          reduce using rule 55 (ET_OBL_ITEM -> ET_CATEGORY ET_DESC ET_TITLE ET_LINK .)
    description     reduce using rule 55 (ET_OBL_ITEM -> ET_CATEGORY ET_DESC ET_TITLE ET_LINK .)
    category        reduce using rule 55 (ET_OBL_ITEM -> ET_CATEGORY ET_DESC ET_TITLE ET_LINK .)
    link            reduce using rule 55 (ET_OBL_ITEM -> ET_CATEGORY ET_DESC ET_TITLE ET_LINK .)
    cerrarchannel   reduce using rule 55 (ET_OBL_ITEM -> ET_CATEGORY ET_DESC ET_TITLE ET_LINK .)


state 94

    (57) ET_OBL_ITEM -> ET_CATEGORY ET_DESC ET_LINK ET_TITLE .

    titulo          reduce using rule 57 (ET_OBL_ITEM -> ET_CATEGORY ET_DESC ET_LINK ET_TITLE .)
    description     reduce using rule 57 (ET_OBL_ITEM -> ET_CATEGORY ET_DESC ET_LINK ET_TITLE .)
    category        reduce using rule 57 (ET_OBL_ITEM -> ET_CATEGORY ET_DESC ET_LINK ET_TITLE .)
    link            reduce using rule 57 (ET_OBL_ITEM -> ET_CATEGORY ET_DESC ET_LINK ET_TITLE .)
    cerrarchannel   reduce using rule 57 (ET_OBL_ITEM -> ET_CATEGORY ET_DESC ET_LINK ET_TITLE .)


state 95

    (56) ET_OBL_ITEM -> ET_CATEGORY ET_TITLE ET_DESC ET_LINK .

    titulo          reduce using rule 56 (ET_OBL_ITEM -> ET_CATEGORY ET_TITLE ET_DESC ET_LINK .)
    description     reduce using rule 56 (ET_OBL_ITEM -> ET_CATEGORY ET_TITLE ET_DESC ET_LINK .)
    category        reduce using rule 56 (ET_OBL_ITEM -> ET_CATEGORY ET_TITLE ET_DESC ET_LINK .)
    link            reduce using rule 56 (ET_OBL_ITEM -> ET_CATEGORY ET_TITLE ET_DESC ET_LINK .)
    cerrarchannel   reduce using rule 56 (ET_OBL_ITEM -> ET_CATEGORY ET_TITLE ET_DESC ET_LINK .)


state 96

    (58) ET_OBL_ITEM -> ET_CATEGORY ET_LINK ET_TITLE ET_DESC .

    titulo          reduce using rule 58 (ET_OBL_ITEM -> ET_CATEGORY ET_LINK ET_TITLE ET_DESC .)
    description     reduce using rule 58 (ET_OBL_ITEM -> ET_CATEGORY ET_LINK ET_TITLE ET_DESC .)
    category        reduce using rule 58 (ET_OBL_ITEM -> ET_CATEGORY ET_LINK ET_TITLE ET_DESC .)
    link            reduce using rule 58 (ET_OBL_ITEM -> ET_CATEGORY ET_LINK ET_TITLE ET_DESC .)
    cerrarchannel   reduce using rule 58 (ET_OBL_ITEM -> ET_CATEGORY ET_LINK ET_TITLE ET_DESC .)


state 97

    (59) ET_OBL_ITEM -> ET_CATEGORY ET_LINK ET_DESC ET_TITLE .

    titulo          reduce using rule 59 (ET_OBL_ITEM -> ET_CATEGORY ET_LINK ET_DESC ET_TITLE .)
    description     reduce using rule 59 (ET_OBL_ITEM -> ET_CATEGORY ET_LINK ET_DESC ET_TITLE .)
    category        reduce using rule 59 (ET_OBL_ITEM -> ET_CATEGORY ET_LINK ET_DESC ET_TITLE .)
    link            reduce using rule 59 (ET_OBL_ITEM -> ET_CATEGORY ET_LINK ET_DESC ET_TITLE .)
    cerrarchannel   reduce using rule 59 (ET_OBL_ITEM -> ET_CATEGORY ET_LINK ET_DESC ET_TITLE .)


state 98

    (31) CONT_LINK -> protocolo DOMINIO_GRAL FINAL_URL .

    cerrarlink      reduce using rule 31 (CONT_LINK -> protocolo DOMINIO_GRAL FINAL_URL .)
    cerrarurl       reduce using rule 31 (CONT_LINK -> protocolo DOMINIO_GRAL FINAL_URL .)


state 99

    (33) FINAL_URL -> slash . RUTA numeral LOCALIZADOR
    (34) FINAL_URL -> slash . RUTA
    (39) RUTA -> . contenido_texto

    contenido_texto shift and go to state 105

    RUTA                           shift and go to state 104

state 100

    (35) DOMINIO_GRAL -> DOMINIO dospuntos . PUERTO
    (40) PUERTO -> . digito

    digito          shift and go to state 107

    PUERTO                         shift and go to state 106

state 101

    (4) ET_OBL -> ET_TITLE ET_LINK ET_DESC ET_CATEGORY ET_COPYRIGHT . CONT_IMG
    (16) CONT_IMG -> . ET_IMG_OBL ET_IMG_OP
    (17) CONT_IMG -> . ET_IMG_OBL
    (18) CONT_IMG -> . LAMBDA
    (19) ET_IMG_OBL -> . ET_TITLE ET_LINK ET_URL
    (20) ET_IMG_OBL -> . ET_TITLE ET_URL ET_LINK
    (21) ET_IMG_OBL -> . ET_URL ET_TITLE ET_LINK
    (22) ET_IMG_OBL -> . ET_URL ET_LINK ET_TITLE
    (23) ET_IMG_OBL -> . ET_LINK ET_TITLE ET_URL
    (24) ET_IMG_OBL -> . ET_LINK ET_URL ET_TITLE
    (5) LAMBDA -> .
    (6) ET_TITLE -> . titulo CONT_TEXTO cerrartitulo
    (8) ET_URL -> . url CONT_LINK cerrarurl
    (7) ET_LINK -> . link CONT_LINK cerrarlink

  ! shift/reduce conflict for titulo resolved as shift
  ! shift/reduce conflict for link resolved as shift
    description     reduce using rule 5 (LAMBDA -> .)
    category        reduce using rule 5 (LAMBDA -> .)
    titulo          shift and go to state 10
    url             shift and go to state 114
    link            shift and go to state 20

  ! titulo          [ reduce using rule 5 (LAMBDA -> .) ]
  ! link            [ reduce using rule 5 (LAMBDA -> .) ]

    ET_TITLE                       shift and go to state 108
    ET_LINK                        shift and go to state 109
    CONT_IMG                       shift and go to state 110
    ET_IMG_OBL                     shift and go to state 111
    LAMBDA                         shift and go to state 112
    ET_URL                         shift and go to state 113

state 102

    (12) ET_COPYRIGHT -> copyright . CONT_TEXTO cerrarcopyright
    (14) CONT_TEXTO -> . contenido_texto CONT_TEXTO
    (15) CONT_TEXTO -> . contenido_texto

    contenido_texto shift and go to state 23

    CONT_TEXTO                     shift and go to state 115

state 103

    (13) ET_COPYRIGHT -> LAMBDA .

    titulo          reduce using rule 13 (ET_COPYRIGHT -> LAMBDA .)
    url             reduce using rule 13 (ET_COPYRIGHT -> LAMBDA .)
    link            reduce using rule 13 (ET_COPYRIGHT -> LAMBDA .)
    description     reduce using rule 13 (ET_COPYRIGHT -> LAMBDA .)
    category        reduce using rule 13 (ET_COPYRIGHT -> LAMBDA .)


state 104

    (33) FINAL_URL -> slash RUTA . numeral LOCALIZADOR
    (34) FINAL_URL -> slash RUTA .

    numeral         shift and go to state 116
    cerrarlink      reduce using rule 34 (FINAL_URL -> slash RUTA .)
    cerrarurl       reduce using rule 34 (FINAL_URL -> slash RUTA .)


state 105

    (39) RUTA -> contenido_texto .

    numeral         reduce using rule 39 (RUTA -> contenido_texto .)
    cerrarlink      reduce using rule 39 (RUTA -> contenido_texto .)
    cerrarurl       reduce using rule 39 (RUTA -> contenido_texto .)


state 106

    (35) DOMINIO_GRAL -> DOMINIO dospuntos PUERTO .

    slash           reduce using rule 35 (DOMINIO_GRAL -> DOMINIO dospuntos PUERTO .)
    cerrarlink      reduce using rule 35 (DOMINIO_GRAL -> DOMINIO dospuntos PUERTO .)
    cerrarurl       reduce using rule 35 (DOMINIO_GRAL -> DOMINIO dospuntos PUERTO .)


state 107

    (40) PUERTO -> digito .

    slash           reduce using rule 40 (PUERTO -> digito .)
    cerrarlink      reduce using rule 40 (PUERTO -> digito .)
    cerrarurl       reduce using rule 40 (PUERTO -> digito .)


state 108

    (19) ET_IMG_OBL -> ET_TITLE . ET_LINK ET_URL
    (20) ET_IMG_OBL -> ET_TITLE . ET_URL ET_LINK
    (7) ET_LINK -> . link CONT_LINK cerrarlink
    (8) ET_URL -> . url CONT_LINK cerrarurl

    link            shift and go to state 20
    url             shift and go to state 114

    ET_LINK                        shift and go to state 117
    ET_URL                         shift and go to state 118

state 109

    (23) ET_IMG_OBL -> ET_LINK . ET_TITLE ET_URL
    (24) ET_IMG_OBL -> ET_LINK . ET_URL ET_TITLE
    (6) ET_TITLE -> . titulo CONT_TEXTO cerrartitulo
    (8) ET_URL -> . url CONT_LINK cerrarurl

    titulo          shift and go to state 10
    url             shift and go to state 114

    ET_TITLE                       shift and go to state 119
    ET_URL                         shift and go to state 120

state 110

    (4) ET_OBL -> ET_TITLE ET_LINK ET_DESC ET_CATEGORY ET_COPYRIGHT CONT_IMG .

    titulo          reduce using rule 4 (ET_OBL -> ET_TITLE ET_LINK ET_DESC ET_CATEGORY ET_COPYRIGHT CONT_IMG .)
    description     reduce using rule 4 (ET_OBL -> ET_TITLE ET_LINK ET_DESC ET_CATEGORY ET_COPYRIGHT CONT_IMG .)
    category        reduce using rule 4 (ET_OBL -> ET_TITLE ET_LINK ET_DESC ET_CATEGORY ET_COPYRIGHT CONT_IMG .)
    link            reduce using rule 4 (ET_OBL -> ET_TITLE ET_LINK ET_DESC ET_CATEGORY ET_COPYRIGHT CONT_IMG .)


state 111

    (16) CONT_IMG -> ET_IMG_OBL . ET_IMG_OP
    (17) CONT_IMG -> ET_IMG_OBL .
    (25) ET_IMG_OP -> . ET_HEIGHT ET_IMG_OP
    (26) ET_IMG_OP -> . ET_WIDTH ET_IMG_OP
    (27) ET_IMG_OP -> . ET_HEIGHT
    (28) ET_IMG_OP -> . ET_WIDTH
    (29) ET_HEIGHT -> . height digito cerrarheight
    (30) ET_WIDTH -> . width digito cerrarwidth

    titulo          reduce using rule 17 (CONT_IMG -> ET_IMG_OBL .)
    description     reduce using rule 17 (CONT_IMG -> ET_IMG_OBL .)
    category        reduce using rule 17 (CONT_IMG -> ET_IMG_OBL .)
    link            reduce using rule 17 (CONT_IMG -> ET_IMG_OBL .)
    height          shift and go to state 124
    width           shift and go to state 125

    ET_IMG_OP                      shift and go to state 121
    ET_HEIGHT                      shift and go to state 122
    ET_WIDTH                       shift and go to state 123

state 112

    (18) CONT_IMG -> LAMBDA .

    titulo          reduce using rule 18 (CONT_IMG -> LAMBDA .)
    description     reduce using rule 18 (CONT_IMG -> LAMBDA .)
    category        reduce using rule 18 (CONT_IMG -> LAMBDA .)
    link            reduce using rule 18 (CONT_IMG -> LAMBDA .)


state 113

    (21) ET_IMG_OBL -> ET_URL . ET_TITLE ET_LINK
    (22) ET_IMG_OBL -> ET_URL . ET_LINK ET_TITLE
    (6) ET_TITLE -> . titulo CONT_TEXTO cerrartitulo
    (7) ET_LINK -> . link CONT_LINK cerrarlink

    titulo          shift and go to state 10
    link            shift and go to state 20

    ET_TITLE                       shift and go to state 126
    ET_LINK                        shift and go to state 127

state 114

    (8) ET_URL -> url . CONT_LINK cerrarurl
    (31) CONT_LINK -> . protocolo DOMINIO_GRAL FINAL_URL
    (32) CONT_LINK -> . protocolo DOMINIO_GRAL

    protocolo       shift and go to state 41

    CONT_LINK                      shift and go to state 128

state 115

    (12) ET_COPYRIGHT -> copyright CONT_TEXTO . cerrarcopyright

    cerrarcopyright shift and go to state 129


state 116

    (33) FINAL_URL -> slash RUTA numeral . LOCALIZADOR
    (37) LOCALIZADOR -> . contenido_texto

    contenido_texto shift and go to state 131

    LOCALIZADOR                    shift and go to state 130

state 117

    (19) ET_IMG_OBL -> ET_TITLE ET_LINK . ET_URL
    (8) ET_URL -> . url CONT_LINK cerrarurl

    url             shift and go to state 114

    ET_URL                         shift and go to state 132

state 118

    (20) ET_IMG_OBL -> ET_TITLE ET_URL . ET_LINK
    (7) ET_LINK -> . link CONT_LINK cerrarlink

    link            shift and go to state 20

    ET_LINK                        shift and go to state 133

state 119

    (23) ET_IMG_OBL -> ET_LINK ET_TITLE . ET_URL
    (8) ET_URL -> . url CONT_LINK cerrarurl

    url             shift and go to state 114

    ET_URL                         shift and go to state 134

state 120

    (24) ET_IMG_OBL -> ET_LINK ET_URL . ET_TITLE
    (6) ET_TITLE -> . titulo CONT_TEXTO cerrartitulo

    titulo          shift and go to state 10

    ET_TITLE                       shift and go to state 135

state 121

    (16) CONT_IMG -> ET_IMG_OBL ET_IMG_OP .

    titulo          reduce using rule 16 (CONT_IMG -> ET_IMG_OBL ET_IMG_OP .)
    description     reduce using rule 16 (CONT_IMG -> ET_IMG_OBL ET_IMG_OP .)
    category        reduce using rule 16 (CONT_IMG -> ET_IMG_OBL ET_IMG_OP .)
    link            reduce using rule 16 (CONT_IMG -> ET_IMG_OBL ET_IMG_OP .)


state 122

    (25) ET_IMG_OP -> ET_HEIGHT . ET_IMG_OP
    (27) ET_IMG_OP -> ET_HEIGHT .
    (25) ET_IMG_OP -> . ET_HEIGHT ET_IMG_OP
    (26) ET_IMG_OP -> . ET_WIDTH ET_IMG_OP
    (27) ET_IMG_OP -> . ET_HEIGHT
    (28) ET_IMG_OP -> . ET_WIDTH
    (29) ET_HEIGHT -> . height digito cerrarheight
    (30) ET_WIDTH -> . width digito cerrarwidth

    titulo          reduce using rule 27 (ET_IMG_OP -> ET_HEIGHT .)
    description     reduce using rule 27 (ET_IMG_OP -> ET_HEIGHT .)
    category        reduce using rule 27 (ET_IMG_OP -> ET_HEIGHT .)
    link            reduce using rule 27 (ET_IMG_OP -> ET_HEIGHT .)
    height          shift and go to state 124
    width           shift and go to state 125

    ET_HEIGHT                      shift and go to state 122
    ET_IMG_OP                      shift and go to state 136
    ET_WIDTH                       shift and go to state 123

state 123

    (26) ET_IMG_OP -> ET_WIDTH . ET_IMG_OP
    (28) ET_IMG_OP -> ET_WIDTH .
    (25) ET_IMG_OP -> . ET_HEIGHT ET_IMG_OP
    (26) ET_IMG_OP -> . ET_WIDTH ET_IMG_OP
    (27) ET_IMG_OP -> . ET_HEIGHT
    (28) ET_IMG_OP -> . ET_WIDTH
    (29) ET_HEIGHT -> . height digito cerrarheight
    (30) ET_WIDTH -> . width digito cerrarwidth

    titulo          reduce using rule 28 (ET_IMG_OP -> ET_WIDTH .)
    description     reduce using rule 28 (ET_IMG_OP -> ET_WIDTH .)
    category        reduce using rule 28 (ET_IMG_OP -> ET_WIDTH .)
    link            reduce using rule 28 (ET_IMG_OP -> ET_WIDTH .)
    height          shift and go to state 124
    width           shift and go to state 125

    ET_WIDTH                       shift and go to state 123
    ET_IMG_OP                      shift and go to state 137
    ET_HEIGHT                      shift and go to state 122

state 124

    (29) ET_HEIGHT -> height . digito cerrarheight

    digito          shift and go to state 138


state 125

    (30) ET_WIDTH -> width . digito cerrarwidth

    digito          shift and go to state 139


state 126

    (21) ET_IMG_OBL -> ET_URL ET_TITLE . ET_LINK
    (7) ET_LINK -> . link CONT_LINK cerrarlink

    link            shift and go to state 20

    ET_LINK                        shift and go to state 140

state 127

    (22) ET_IMG_OBL -> ET_URL ET_LINK . ET_TITLE
    (6) ET_TITLE -> . titulo CONT_TEXTO cerrartitulo

    titulo          shift and go to state 10

    ET_TITLE                       shift and go to state 141

state 128

    (8) ET_URL -> url CONT_LINK . cerrarurl

    cerrarurl       shift and go to state 142


state 129

    (12) ET_COPYRIGHT -> copyright CONT_TEXTO cerrarcopyright .

    titulo          reduce using rule 12 (ET_COPYRIGHT -> copyright CONT_TEXTO cerrarcopyright .)
    url             reduce using rule 12 (ET_COPYRIGHT -> copyright CONT_TEXTO cerrarcopyright .)
    link            reduce using rule 12 (ET_COPYRIGHT -> copyright CONT_TEXTO cerrarcopyright .)
    description     reduce using rule 12 (ET_COPYRIGHT -> copyright CONT_TEXTO cerrarcopyright .)
    category        reduce using rule 12 (ET_COPYRIGHT -> copyright CONT_TEXTO cerrarcopyright .)


state 130

    (33) FINAL_URL -> slash RUTA numeral LOCALIZADOR .

    cerrarlink      reduce using rule 33 (FINAL_URL -> slash RUTA numeral LOCALIZADOR .)
    cerrarurl       reduce using rule 33 (FINAL_URL -> slash RUTA numeral LOCALIZADOR .)


state 131

    (37) LOCALIZADOR -> contenido_texto .

    cerrarlink      reduce using rule 37 (LOCALIZADOR -> contenido_texto .)
    cerrarurl       reduce using rule 37 (LOCALIZADOR -> contenido_texto .)


state 132

    (19) ET_IMG_OBL -> ET_TITLE ET_LINK ET_URL .

    height          reduce using rule 19 (ET_IMG_OBL -> ET_TITLE ET_LINK ET_URL .)
    width           reduce using rule 19 (ET_IMG_OBL -> ET_TITLE ET_LINK ET_URL .)
    titulo          reduce using rule 19 (ET_IMG_OBL -> ET_TITLE ET_LINK ET_URL .)
    description     reduce using rule 19 (ET_IMG_OBL -> ET_TITLE ET_LINK ET_URL .)
    category        reduce using rule 19 (ET_IMG_OBL -> ET_TITLE ET_LINK ET_URL .)
    link            reduce using rule 19 (ET_IMG_OBL -> ET_TITLE ET_LINK ET_URL .)


state 133

    (20) ET_IMG_OBL -> ET_TITLE ET_URL ET_LINK .

    height          reduce using rule 20 (ET_IMG_OBL -> ET_TITLE ET_URL ET_LINK .)
    width           reduce using rule 20 (ET_IMG_OBL -> ET_TITLE ET_URL ET_LINK .)
    titulo          reduce using rule 20 (ET_IMG_OBL -> ET_TITLE ET_URL ET_LINK .)
    description     reduce using rule 20 (ET_IMG_OBL -> ET_TITLE ET_URL ET_LINK .)
    category        reduce using rule 20 (ET_IMG_OBL -> ET_TITLE ET_URL ET_LINK .)
    link            reduce using rule 20 (ET_IMG_OBL -> ET_TITLE ET_URL ET_LINK .)


state 134

    (23) ET_IMG_OBL -> ET_LINK ET_TITLE ET_URL .

    height          reduce using rule 23 (ET_IMG_OBL -> ET_LINK ET_TITLE ET_URL .)
    width           reduce using rule 23 (ET_IMG_OBL -> ET_LINK ET_TITLE ET_URL .)
    titulo          reduce using rule 23 (ET_IMG_OBL -> ET_LINK ET_TITLE ET_URL .)
    description     reduce using rule 23 (ET_IMG_OBL -> ET_LINK ET_TITLE ET_URL .)
    category        reduce using rule 23 (ET_IMG_OBL -> ET_LINK ET_TITLE ET_URL .)
    link            reduce using rule 23 (ET_IMG_OBL -> ET_LINK ET_TITLE ET_URL .)


state 135

    (24) ET_IMG_OBL -> ET_LINK ET_URL ET_TITLE .

    height          reduce using rule 24 (ET_IMG_OBL -> ET_LINK ET_URL ET_TITLE .)
    width           reduce using rule 24 (ET_IMG_OBL -> ET_LINK ET_URL ET_TITLE .)
    titulo          reduce using rule 24 (ET_IMG_OBL -> ET_LINK ET_URL ET_TITLE .)
    description     reduce using rule 24 (ET_IMG_OBL -> ET_LINK ET_URL ET_TITLE .)
    category        reduce using rule 24 (ET_IMG_OBL -> ET_LINK ET_URL ET_TITLE .)
    link            reduce using rule 24 (ET_IMG_OBL -> ET_LINK ET_URL ET_TITLE .)


state 136

    (25) ET_IMG_OP -> ET_HEIGHT ET_IMG_OP .

    titulo          reduce using rule 25 (ET_IMG_OP -> ET_HEIGHT ET_IMG_OP .)
    description     reduce using rule 25 (ET_IMG_OP -> ET_HEIGHT ET_IMG_OP .)
    category        reduce using rule 25 (ET_IMG_OP -> ET_HEIGHT ET_IMG_OP .)
    link            reduce using rule 25 (ET_IMG_OP -> ET_HEIGHT ET_IMG_OP .)


state 137

    (26) ET_IMG_OP -> ET_WIDTH ET_IMG_OP .

    titulo          reduce using rule 26 (ET_IMG_OP -> ET_WIDTH ET_IMG_OP .)
    description     reduce using rule 26 (ET_IMG_OP -> ET_WIDTH ET_IMG_OP .)
    category        reduce using rule 26 (ET_IMG_OP -> ET_WIDTH ET_IMG_OP .)
    link            reduce using rule 26 (ET_IMG_OP -> ET_WIDTH ET_IMG_OP .)


state 138

    (29) ET_HEIGHT -> height digito . cerrarheight

    cerrarheight    shift and go to state 143


state 139

    (30) ET_WIDTH -> width digito . cerrarwidth

    cerrarwidth     shift and go to state 144


state 140

    (21) ET_IMG_OBL -> ET_URL ET_TITLE ET_LINK .

    height          reduce using rule 21 (ET_IMG_OBL -> ET_URL ET_TITLE ET_LINK .)
    width           reduce using rule 21 (ET_IMG_OBL -> ET_URL ET_TITLE ET_LINK .)
    titulo          reduce using rule 21 (ET_IMG_OBL -> ET_URL ET_TITLE ET_LINK .)
    description     reduce using rule 21 (ET_IMG_OBL -> ET_URL ET_TITLE ET_LINK .)
    category        reduce using rule 21 (ET_IMG_OBL -> ET_URL ET_TITLE ET_LINK .)
    link            reduce using rule 21 (ET_IMG_OBL -> ET_URL ET_TITLE ET_LINK .)


state 141

    (22) ET_IMG_OBL -> ET_URL ET_LINK ET_TITLE .

    height          reduce using rule 22 (ET_IMG_OBL -> ET_URL ET_LINK ET_TITLE .)
    width           reduce using rule 22 (ET_IMG_OBL -> ET_URL ET_LINK ET_TITLE .)
    titulo          reduce using rule 22 (ET_IMG_OBL -> ET_URL ET_LINK ET_TITLE .)
    description     reduce using rule 22 (ET_IMG_OBL -> ET_URL ET_LINK ET_TITLE .)
    category        reduce using rule 22 (ET_IMG_OBL -> ET_URL ET_LINK ET_TITLE .)
    link            reduce using rule 22 (ET_IMG_OBL -> ET_URL ET_LINK ET_TITLE .)


state 142

    (8) ET_URL -> url CONT_LINK cerrarurl .

    titulo          reduce using rule 8 (ET_URL -> url CONT_LINK cerrarurl .)
    link            reduce using rule 8 (ET_URL -> url CONT_LINK cerrarurl .)
    height          reduce using rule 8 (ET_URL -> url CONT_LINK cerrarurl .)
    width           reduce using rule 8 (ET_URL -> url CONT_LINK cerrarurl .)
    description     reduce using rule 8 (ET_URL -> url CONT_LINK cerrarurl .)
    category        reduce using rule 8 (ET_URL -> url CONT_LINK cerrarurl .)


state 143

    (29) ET_HEIGHT -> height digito cerrarheight .

    height          reduce using rule 29 (ET_HEIGHT -> height digito cerrarheight .)
    width           reduce using rule 29 (ET_HEIGHT -> height digito cerrarheight .)
    titulo          reduce using rule 29 (ET_HEIGHT -> height digito cerrarheight .)
    description     reduce using rule 29 (ET_HEIGHT -> height digito cerrarheight .)
    category        reduce using rule 29 (ET_HEIGHT -> height digito cerrarheight .)
    link            reduce using rule 29 (ET_HEIGHT -> height digito cerrarheight .)


state 144

    (30) ET_WIDTH -> width digito cerrarwidth .

    height          reduce using rule 30 (ET_WIDTH -> width digito cerrarwidth .)
    width           reduce using rule 30 (ET_WIDTH -> width digito cerrarwidth .)
    titulo          reduce using rule 30 (ET_WIDTH -> width digito cerrarwidth .)
    description     reduce using rule 30 (ET_WIDTH -> width digito cerrarwidth .)
    category        reduce using rule 30 (ET_WIDTH -> width digito cerrarwidth .)
    link            reduce using rule 30 (ET_WIDTH -> width digito cerrarwidth .)

WARNING: 
WARNING: Conflicts:
WARNING: 
WARNING: shift/reduce conflict for description in state 8 resolved as shift
WARNING: shift/reduce conflict for titulo in state 8 resolved as shift
WARNING: shift/reduce conflict for link in state 8 resolved as shift
WARNING: shift/reduce conflict for description in state 12 resolved as shift
WARNING: shift/reduce conflict for titulo in state 12 resolved as shift
WARNING: shift/reduce conflict for link in state 12 resolved as shift
WARNING: shift/reduce conflict for description in state 13 resolved as shift
WARNING: shift/reduce conflict for link in state 13 resolved as shift
WARNING: shift/reduce conflict for titulo in state 14 resolved as shift
WARNING: shift/reduce conflict for link in state 14 resolved as shift
WARNING: shift/reduce conflict for titulo in state 15 resolved as shift
WARNING: shift/reduce conflict for description in state 15 resolved as shift
WARNING: shift/reduce conflict for link in state 26 resolved as shift
WARNING: shift/reduce conflict for description in state 27 resolved as shift
WARNING: shift/reduce conflict for link in state 29 resolved as shift
WARNING: shift/reduce conflict for titulo in state 30 resolved as shift
WARNING: shift/reduce conflict for description in state 33 resolved as shift
WARNING: shift/reduce conflict for titulo in state 34 resolved as shift
WARNING: shift/reduce conflict for category in state 42 resolved as shift
WARNING: shift/reduce conflict for category in state 45 resolved as shift
WARNING: shift/reduce conflict for category in state 48 resolved as shift
WARNING: shift/reduce conflict for category in state 51 resolved as shift
WARNING: shift/reduce conflict for category in state 54 resolved as shift
WARNING: shift/reduce conflict for category in state 59 resolved as shift
WARNING: shift/reduce conflict for category in state 62 resolved as shift
WARNING: shift/reduce conflict for titulo in state 101 resolved as shift
WARNING: shift/reduce conflict for link in state 101 resolved as shift
